<?xml version="1.0" encoding="UTF-8"?>
<!-- Generated by org.testng.reporters.JUnitReportReporter -->
<testsuite hostname="mohammeds-mbp.home" failures="0" tests="1" name="tests.AlmosaferTask" time="3.016" errors="0" timestamp="2023-09-24T06:58:25 EET" skipped="0">
  <testcase classname="tests.AlmosaferTask" name="engimaHotelSearch" time="3.016"/>
</testsuite> <!-- tests.AlmosaferTask -->
