<?xml version="1.0" encoding="UTF-8"?>
<!-- Generated by org.testng.reporters.JUnitReportReporter -->
<testsuite hostname="mohammeds-mbp.home" failures="0" tests="1" name="tests.GetAndPostExamples" time="6.298" errors="0" timestamp="2023-09-24T01:58:22 EET" skipped="0">
  <testcase classname="tests.GetAndPostExamples" name="testPost" time="6.298"/>
</testsuite> <!-- tests.GetAndPostExamples -->
