<?xml version="1.0" encoding="UTF-8"?>
<!-- Generated by org.testng.reporters.JUnitReportReporter -->
<testsuite hostname="mohammeds-mbp.home" failures="0" tests="1" name="tests.JSONSchemaValidator" time="3.522" errors="0" timestamp="2023-09-24T04:42:46 EET" skipped="0">
  <testcase classname="tests.JSONSchemaValidator" name="testGet" time="3.522"/>
</testsuite> <!-- tests.JSONSchemaValidator -->
