<?xml version="1.0" encoding="UTF-8"?>
<!-- Generated by org.testng.reporters.JUnitReportReporter -->
<testsuite hostname="mohammeds-mbp.home" failures="0" tests="1" name="tests.PutPatchDeleteExamples" time="5.170" errors="0" timestamp="2023-09-24T02:13:48 EET" skipped="0">
  <testcase classname="tests.PutPatchDeleteExamples" name="testDelete" time="5.170"/>
</testsuite> <!-- tests.PutPatchDeleteExamples -->
