<?xml version="1.0" encoding="UTF-8"?>
<!-- Generated by org.testng.reporters.JUnitReportReporter -->
<testsuite hostname="mohammeds-mbp.home" failures="0" tests="1" name="tests.TestsOnLocalAPI" time="2.317" errors="0" timestamp="2023-09-24T03:49:24 EET" skipped="0">
  <testcase classname="tests.TestsOnLocalAPI" name="delete" time="2.317"/>
</testsuite> <!-- tests.TestsOnLocalAPI -->
