<?xml version="1.0" encoding="UTF-8"?>
<!-- Generated by org.testng.reporters.JUnitReportReporter -->
<testsuite hostname="mohammeds-mbp.home" failures="0" tests="1" name="tests.TestOne" time="3.204" errors="0" timestamp="2023-09-24T00:53:37 EET" skipped="0">
  <testcase classname="tests.TestOne" name="searchFlight" time="3.204"/>
</testsuite> <!-- tests.TestOne -->
